[2025-06-10T15:19:37.922Z] CV Protection System initialized
[2025-06-10T15:22:11.012Z] CV Protection System initialized
[2025-06-10T15:22:11.154Z] Automatic protection monitoring started
[2025-06-10T15:25:49.292Z] CV Protection System initialized
[2025-06-10T15:25:49.406Z] Automatic protection monitoring started
[2025-06-10T15:35:49.406Z] Protection verification: 0 verified, 0 missing
[2025-06-10T15:45:49.406Z] Protection verification: 0 verified, 0 missing
[2025-06-10T16:41:00.633Z] CV Protection System initialized
[2025-06-10T16:41:00.834Z] Automatic protection monitoring started
[2025-06-10T16:51:00.835Z] Protection verification: 0 verified, 0 missing
[2025-06-10T17:03:09.758Z] CV Protection System initialized
[2025-06-10T17:03:10.938Z] Automatic protection monitoring started
[2025-06-10T17:06:54.620Z] CV Protection System initialized
[2025-06-10T17:06:54.774Z] Automatic protection monitoring started
[2025-06-10T17:08:49.593Z] CV Protection System initialized
[2025-06-10T17:08:49.741Z] Automatic protection monitoring started
[2025-06-10T17:09:36.773Z] CV Protection System initialized
[2025-06-10T17:09:36.927Z] Automatic protection monitoring started
[2025-06-10T17:09:58.822Z] CV Protection System initialized
[2025-06-10T17:09:58.978Z] Automatic protection monitoring started
[2025-06-10T17:10:32.854Z] CV Protection System initialized
[2025-06-10T17:58:11.283Z] CV Protection System initialized
[2025-06-10T17:58:12.534Z] Automatic protection monitoring started
[2025-06-10T18:00:17.296Z] CV Protection System initialized
[2025-06-10T18:00:17.430Z] Automatic protection monitoring started
[2025-06-10T18:03:38.253Z] CV Protection System initialized
[2025-06-10T18:03:38.374Z] Automatic protection monitoring started
[2025-06-10T18:05:46.909Z] CV Protection System initialized
[2025-06-10T18:05:47.060Z] Automatic protection monitoring started
[2025-06-10T18:08:52.775Z] CV Protection System initialized
[2025-06-10T18:08:52.915Z] Automatic protection monitoring started
[2025-06-10T18:09:26.201Z] CV Protection System initialized
[2025-06-10T18:09:26.355Z] Automatic protection monitoring started
[2025-06-10T18:16:46.758Z] CV Protection System initialized
[2025-06-10T18:16:46.942Z] Automatic protection monitoring started
[2025-06-10T18:21:58.691Z] CV Protection System initialized
[2025-06-10T18:21:58.863Z] Automatic protection monitoring started
[2025-06-10T18:23:16.960Z] CV Protection System initialized
[2025-06-10T18:23:17.108Z] Automatic protection monitoring started
[2025-06-10T18:28:57.427Z] CV Protection System initialized
[2025-06-10T18:28:57.564Z] Automatic protection monitoring started
[2025-06-10T18:29:55.449Z] CV Protection System initialized
[2025-06-10T18:29:55.620Z] Automatic protection monitoring started
[2025-06-10T18:39:55.620Z] Protection verification: 0 verified, 0 missing
[2025-06-11T12:29:59.116Z] CV Protection System initialized
[2025-06-11T12:30:01.397Z] Automatic protection monitoring started
[2025-06-11T12:30:20.325Z] CV Protection System initialized
[2025-06-11T12:30:20.445Z] Automatic protection monitoring started
[2025-06-11T12:37:42.263Z] CV Protection System initialized
[2025-06-11T12:37:42.422Z] Automatic protection monitoring started
[2025-06-11T12:40:13.056Z] CV Protection System initialized
[2025-06-11T12:40:13.275Z] Automatic protection monitoring started
[2025-06-11T12:42:13.441Z] CV Protection System initialized
[2025-06-11T12:42:13.587Z] Automatic protection monitoring started
[2025-06-11T12:52:13.587Z] Protection verification: 0 verified, 0 missing
[2025-06-11T12:56:41.393Z] CV Protection System initialized
[2025-06-11T12:56:41.546Z] Automatic protection monitoring started
[2025-06-11T13:06:41.547Z] Protection verification: 0 verified, 0 missing
[2025-06-11T13:16:41.547Z] Protection verification: 0 verified, 0 missing
[2025-06-11T13:26:41.547Z] Protection verification: 0 verified, 0 missing
[2025-06-11T13:36:41.547Z] Protection verification: 0 verified, 0 missing
[2025-06-11T13:46:41.548Z] Protection verification: 0 verified, 0 missing
[2025-06-11T13:56:41.565Z] ERROR creating emergency backup: Error: EISDIR: illegal operation on a directory, copyfile '/home/runner/workspace/uploads/cv-files' -> '/home/runner/workspace/cv-backups/emergency/1749650201546/cv-files'
[2025-06-11T21:47:18.959Z] CV Protection System initialized
[2025-06-11T21:47:20.567Z] Automatic protection monitoring started
[2025-06-11T21:57:20.568Z] Protection verification: 0 verified, 0 missing
[2025-06-11T22:07:20.568Z] Protection verification: 0 verified, 0 missing
[2025-06-11T22:17:20.568Z] Protection verification: 0 verified, 0 missing
[2025-06-11T22:27:20.569Z] Protection verification: 0 verified, 0 missing
[2025-06-11T22:37:20.570Z] Protection verification: 0 verified, 0 missing
[2025-06-11T22:47:20.569Z] ERROR creating emergency backup: Error: EISDIR: illegal operation on a directory, copyfile '/home/runner/workspace/uploads/cv-files' -> '/home/runner/workspace/cv-backups/emergency/1749682040568/cv-files'
[2025-06-12T01:45:34.362Z] CV Protection System initialized
[2025-06-12T01:45:34.524Z] Automatic protection monitoring started
[2025-06-12T01:55:34.525Z] Protection verification: 0 verified, 0 missing
[2025-06-12T02:05:34.525Z] Protection verification: 0 verified, 0 missing
[2025-06-12T02:15:34.525Z] Protection verification: 0 verified, 0 missing
[2025-06-12T02:25:34.525Z] Protection verification: 0 verified, 0 missing
[2025-06-12T02:35:34.526Z] Protection verification: 0 verified, 0 missing
[2025-06-12T02:45:34.536Z] ERROR creating emergency backup: Error: EISDIR: illegal operation on a directory, copyfile '/home/runner/workspace/uploads/cv-files' -> '/home/runner/workspace/cv-backups/emergency/1749696334524/cv-files'
[2025-06-12T04:20:38.349Z] CV Protection System initialized
[2025-06-12T04:20:38.522Z] Automatic protection monitoring started
[2025-06-12T04:24:05.382Z] CV Protection System initialized
[2025-06-12T04:24:05.506Z] Automatic protection monitoring started
[2025-06-12T04:25:33.004Z] CV Protection System initialized
[2025-06-12T04:25:33.119Z] Automatic protection monitoring started
[2025-06-12T04:26:41.240Z] CV Protection System initialized
[2025-06-12T04:26:41.370Z] Automatic protection monitoring started
[2025-06-12T04:36:41.371Z] Protection verification: 0 verified, 0 missing
[2025-06-12T04:37:29.818Z] CV Protection System initialized
[2025-06-12T04:37:29.975Z] Automatic protection monitoring started
[2025-06-12T04:39:52.729Z] CV Protection System initialized
[2025-06-12T04:39:52.865Z] Automatic protection monitoring started
[2025-06-12T04:46:08.739Z] CV Protection System initialized
[2025-06-12T04:46:08.884Z] Automatic protection monitoring started
[2025-06-12T04:51:50.996Z] CV Protection System initialized
[2025-06-12T04:51:51.153Z] Automatic protection monitoring started
[2025-06-12T04:58:32.152Z] CV Protection System initialized
[2025-06-12T04:58:32.297Z] Automatic protection monitoring started
[2025-06-12T05:00:45.409Z] CV Protection System initialized
[2025-06-12T05:00:45.616Z] Automatic protection monitoring started
[2025-06-12T05:04:01.248Z] CV Protection System initialized
[2025-06-12T05:04:01.490Z] Automatic protection monitoring started
[2025-06-12T05:04:44.940Z] CV Protection System initialized
[2025-06-12T05:04:45.066Z] Automatic protection monitoring started
[2025-06-12T05:06:48.975Z] CV Protection System initialized
[2025-06-12T05:06:49.104Z] Automatic protection monitoring started
[2025-06-12T05:08:47.234Z] CV Protection System initialized
[2025-06-12T05:08:47.358Z] Automatic protection monitoring started
[2025-06-12T05:10:38.838Z] CV Protection System initialized
[2025-06-12T05:10:38.964Z] Automatic protection monitoring started
[2025-06-12T05:12:52.797Z] CV Protection System initialized
[2025-06-12T05:12:52.942Z] Automatic protection monitoring started
[2025-06-12T05:13:27.224Z] CV Protection System initialized
[2025-06-12T05:13:27.353Z] Automatic protection monitoring started
[2025-06-12T05:14:12.026Z] CV Protection System initialized
[2025-06-12T05:14:12.158Z] Automatic protection monitoring started
[2025-06-12T05:24:12.159Z] Protection verification: 0 verified, 0 missing
[2025-06-12T05:27:25.934Z] CV Protection System initialized
[2025-06-12T05:27:26.054Z] Automatic protection monitoring started
[2025-06-13T09:19:59.988Z] CV Protection System initialized
[2025-06-13T09:20:01.830Z] Automatic protection monitoring started
[2025-06-13T09:30:01.830Z] Protection verification: 0 verified, 0 missing
[2025-06-13T09:40:01.831Z] Protection verification: 0 verified, 0 missing
[2025-06-19T18:25:12.335Z] CV Protection System initialized
[2025-06-19T18:25:14.063Z] Automatic protection monitoring started
[2025-06-19T18:35:14.064Z] Protection verification: 0 verified, 0 missing
[2025-06-19T18:45:14.064Z] Protection verification: 0 verified, 0 missing
[2025-06-19T18:55:14.064Z] Protection verification: 0 verified, 0 missing
[2025-06-20T05:29:45.743Z] CV Protection System initialized
[2025-06-20T05:29:47.722Z] Automatic protection monitoring started
[2025-06-20T05:39:47.725Z] Protection verification: 0 verified, 0 missing
[2025-06-28T13:00:12.589Z] CV Protection System initialized
[2025-06-28T13:00:14.077Z] Automatic protection monitoring started
[2025-06-28T13:10:14.077Z] Protection verification: 0 verified, 0 missing
[2025-06-28T16:35:04.845Z] CV Protection System initialized
[2025-06-28T16:35:06.734Z] Automatic protection monitoring started
[2025-06-28T16:45:06.735Z] Protection verification: 0 verified, 0 missing
[2025-06-28T16:55:06.737Z] Protection verification: 0 verified, 0 missing
[2025-06-28T17:05:06.738Z] Protection verification: 0 verified, 0 missing
[2025-06-28T17:15:06.739Z] Protection verification: 0 verified, 0 missing
[2025-06-28T17:25:06.738Z] Protection verification: 0 verified, 0 missing
[2025-06-28T17:35:06.754Z] ERROR creating emergency backup: Error: EISDIR: illegal operation on a directory, copyfile '/home/runner/workspace/uploads/cv-files' -> '/home/runner/workspace/cv-backups/emergency/1751132106734/cv-files'
[2025-06-28T17:57:01.870Z] CV Protection System initialized
[2025-06-28T17:57:02.979Z] Automatic protection monitoring started
[2025-06-29T10:02:58.450Z] CV Protection System initialized
[2025-06-29T10:02:58.644Z] Automatic protection monitoring started
[2025-06-29T17:53:19.071Z] CV Protection System initialized
[2025-06-29T17:53:19.248Z] Automatic protection monitoring started
[2025-07-10T16:05:00.188Z] CV Protection System initialized
[2025-07-10T16:06:35.000Z] CV Protection System initialized
[2025-07-10T16:06:48.329Z] CV Protection System initialized
[2025-07-10T16:07:30.515Z] CV Protection System initialized
[2025-07-10T16:07:30.637Z] Automatic protection monitoring started
[2025-07-10T16:09:17.161Z] CV Protection System initialized
[2025-07-10T16:09:50.711Z] CV Protection System initialized
[2025-07-10T16:09:50.848Z] Automatic protection monitoring started
[2025-07-10T16:11:56.035Z] CV Protection System initialized
[2025-07-10T16:11:56.172Z] Automatic protection monitoring started
[2025-07-10T16:14:11.131Z] CV Protection System initialized
[2025-07-10T16:14:11.308Z] Automatic protection monitoring started
[2025-07-10T16:24:11.370Z] Protection verification: 0 verified, 0 missing
[2025-07-10T16:34:11.361Z] Protection verification: 0 verified, 0 missing
[2025-07-10T16:38:17.081Z] CV Protection System initialized
[2025-07-10T16:38:17.384Z] Automatic protection monitoring started
[2025-07-10T16:48:17.468Z] Protection verification: 0 verified, 0 missing
[2025-07-10T17:05:44.914Z] CV Protection System initialized
[2025-07-10T17:05:45.795Z] Automatic protection monitoring started
[2025-07-10T17:08:06.160Z] CV Protection System initialized
[2025-07-10T17:08:06.353Z] Automatic protection monitoring started
[2025-07-10T17:09:19.178Z] CV Protection System initialized
[2025-07-10T17:09:19.316Z] Automatic protection monitoring started
[2025-07-10T17:09:56.766Z] CV Protection System initialized
[2025-07-10T17:09:57.058Z] Automatic protection monitoring started
[2025-07-10T17:12:13.959Z] CV Protection System initialized
[2025-07-10T17:12:14.355Z] Automatic protection monitoring started
[2025-07-10T17:13:29.579Z] CV Protection System initialized
[2025-07-10T17:13:29.988Z] Automatic protection monitoring started
[2025-07-10T17:15:12.090Z] CV Protection System initialized
[2025-07-10T17:15:12.527Z] Automatic protection monitoring started
[2025-07-10T17:23:45.007Z] CV Protection System initialized
[2025-07-10T17:23:45.411Z] Automatic protection monitoring started
[2025-07-10T17:24:11.363Z] CV Protection System initialized
[2025-07-10T17:33:45.448Z] Protection verification: 0 verified, 0 missing
[2025-07-10T17:43:45.437Z] Protection verification: 0 verified, 0 missing
[2025-07-10T17:53:45.418Z] Protection verification: 0 verified, 0 missing
[2025-07-10T18:03:45.320Z] Protection verification: 0 verified, 0 missing
[2025-07-10T18:20:00.670Z] Protection verification: 0 verified, 0 missing
[2025-07-10T18:24:47.091Z] ERROR creating emergency backup: Error: ENOTSUP: operation not supported on socket, copyfile '/Users/abdelrahmanmagdi/Desktop/mash/newgiza_hub/BusinessHub_newgiza/uploads/cv-files' -> '/Users/abdelrahmanmagdi/Desktop/mash/newgiza_hub/BusinessHub_newgiza/cv-backups/emergency/1752171886997/cv-files'
